-------------------------------------------------------------------------------
Test set: hello.HelloWorldConfigurationTests
-------------------------------------------------------------------------------
Tests run: 1, Failures: 1, Errors: 0, Skipped: 0, Time elapsed: 47.752 s <<< FAILURE! - in hello.HelloWorldConfigurationTests
testGreeting  Time elapsed: 6.767 s  <<< FAILURE!
java.lang.AssertionError: expected:<200 OK> but was:<400 BAD_REQUEST>
	at hello.HelloWorldConfigurationTests.testGreeting(HelloWorldConfigurationTests.java:47)

